<?xml version="1.0" encoding="UTF-8"?>
<!-- Generated by org.testng.reporters.JUnitReportReporter -->
<testsuite skipped="0" hostname="LAPTOP-EMAAOB8C" name="Annotations.Basicannotations" tests="2" failures="0" timestamp="31 Jan 2019 08:04:04 GMT" time="0.019" errors="0">
  <testcase name="testCase2" time="0.004" classname="Annotations.Basicannotations"/>
  <testcase name="testCase1" time="0.015" classname="Annotations.Basicannotations"/>
</testsuite> <!-- Annotations.Basicannotations -->
